c:\users\denci\source\repos\2sd\2sd\x64\debug\2sd.pch
c:\users\denci\source\repos\2sd\2sd\x64\debug\vc143.pdb
c:\users\denci\source\repos\2sd\2sd\x64\debug\pch.obj
c:\users\denci\source\repos\2sd\2sd\x64\debug\form1.obj
c:\users\denci\source\repos\2sd\2sd\x64\debug\cppclr_winformsproject.obj
c:\users\denci\source\repos\2sd\2sd\x64\debug\assemblyinfo.obj
c:\users\denci\source\repos\2sd\2sd\x64\debug\.netframework,version=v4.7.2.assemblyattributes.obj
c:\users\denci\source\repos\2sd\x64\debug\2sd.exe
c:\users\denci\source\repos\2sd\x64\debug\2sd.pdb
c:\users\denci\source\repos\2sd\2sd\x64\debug\app.res
c:\users\denci\source\repos\2sd\2sd\x64\debug\2sd.tlog\cl.command.1.tlog
c:\users\denci\source\repos\2sd\2sd\x64\debug\2sd.tlog\cl.items.tlog
c:\users\denci\source\repos\2sd\2sd\x64\debug\2sd.tlog\cl.read.1.tlog
c:\users\denci\source\repos\2sd\2sd\x64\debug\2sd.tlog\cl.write.1.tlog
c:\users\denci\source\repos\2sd\2sd\x64\debug\2sd.tlog\link.command.1.tlog
c:\users\denci\source\repos\2sd\2sd\x64\debug\2sd.tlog\link.read.1.tlog
c:\users\denci\source\repos\2sd\2sd\x64\debug\2sd.tlog\link.write.1.tlog
c:\users\denci\source\repos\2sd\2sd\x64\debug\2sd.tlog\metagen.read.1.tlog
c:\users\denci\source\repos\2sd\2sd\x64\debug\2sd.tlog\metagen.write.1.tlog
c:\users\denci\source\repos\2sd\2sd\x64\debug\2sd.tlog\rc.command.1.tlog
c:\users\denci\source\repos\2sd\2sd\x64\debug\2sd.tlog\rc.read.1.tlog
c:\users\denci\source\repos\2sd\2sd\x64\debug\2sd.tlog\rc.write.1.tlog
c:\users\denci\source\repos\2sd\2sd\x64\debug\2sd.tlog\resgen.command.1.tlog
c:\users\denci\source\repos\2sd\2sd\x64\debug\2sd.tlog\resgen.read.1.tlog
c:\users\denci\source\repos\2sd\2sd\x64\debug\2sd.tlog\resgen.write.1.tlog
